app/build/intermediates/manifest_merge_blame_file/aeronetDebug/manifest-merger-blame-aeronet-debug-report.txt
1<?xml version="1.0" encoding="utf-8"?>
2<manifest xmlns:android="http://schemas.android.com/apk/res/android"
3    package="com.atakmap.android.plugintemplate.plugin.aeronet"
4    android:versionCode="1711480639"
5    android:versionName="1.0 (94c6c9b0) - [5.1.0]" >
6
7    <uses-sdk
8        android:minSdkVersion="21"
8-->src/main/AndroidManifest.xml
9        android:targetSdkVersion="33" />
9-->src/main/AndroidManifest.xml
10
11    <application
11-->src/main/AndroidManifest.xml:6:5-36:19
12        android:allowBackup="false"
12-->src/main/AndroidManifest.xml:7:9-36
13        android:debuggable="true"
14        android:description="@string/app_desc"
14-->src/main/AndroidManifest.xml:10:9-47
15        android:extractNativeLibs="true"
15-->src/main/AndroidManifest.xml:11:9-41
16        android:icon="@drawable/ic_launcher"
16-->src/main/AndroidManifest.xml:8:9-45
17        android:label="@Swarmbotics.ai"
17-->src/main/AndroidManifest.xml:9:9-40
18        android:testOnly="true"
19        android:theme="@style/AppTheme" >
19-->src/main/AndroidManifest.xml:12:9-40
20        <meta-data
21            android:name="plugin-api"
21-->src/main/AndroidManifest.xml:13:20-45
22            android:value="com.atakmap.app@5.1.0.CIV" />
22-->src/main/AndroidManifest.xml:13:46-79
23        <meta-data
23-->src/main/AndroidManifest.xml:14:9-78
24            android:name="app_desc"
24-->src/main/AndroidManifest.xml:14:20-43
25            android:value="@string/app_desc" />
25-->src/main/AndroidManifest.xml:14:44-76
26
27        <!--
28            This fictitious activity entry allow for ATAK 4.6.0.2 and newer to perform
29            plugin discovery  android devices.  If this is removed, the plugin will
30            not be able to be discovered or loaded.
31        -->
32        <activity
32-->src/main/AndroidManifest.xml:20:8-26:19
33            android:name="com.atakmap.app.component"
33-->src/main/AndroidManifest.xml:20:18-58
34            android:exported="true" >
34-->src/main/AndroidManifest.xml:21:12-35
35            <intent-filter android:label="swarmbotics.ai" >
35-->src/main/AndroidManifest.xml:23:12-25:28
35-->src/main/AndroidManifest.xml:23:27-57
36                <action android:name="com.atakmap.app.component" />
36-->src/main/AndroidManifest.xml:24:15-66
36-->src/main/AndroidManifest.xml:24:23-63
37            </intent-filter>
38        </activity>
39        <activity
39-->src/main/AndroidManifest.xml:28:9-33:20
40            android:name="com.atakmap.android.plugintemplate.plugin.MainActivity"
40-->src/main/AndroidManifest.xml:28:19-88
41            android:exported="true" >
41-->src/main/AndroidManifest.xml:28:90-113
42            <intent-filter>
42-->src/main/AndroidManifest.xml:29:13-32:29
43                <action android:name="android.intent.action.MAIN" />
43-->src/main/AndroidManifest.xml:30:17-69
43-->src/main/AndroidManifest.xml:30:25-66
44
45                <category android:name="android.intent.category.LAUNCHER" />
45-->src/main/AndroidManifest.xml:31:17-77
45-->src/main/AndroidManifest.xml:31:27-74
46            </intent-filter>
47        </activity>
48    </application>
49
50</manifest> <!-- <manifest xmlns:android="http://schemas.android.com/apk/res/android" -->
51<!-- xmlns:tools="http://schemas.android.com/tools" -->
52<!-- package="com.atakmap.android.plugintemplate.plugin" -->
53<!-- tools:ignore="GoogleAppIndexingWarning"> -->
54<!-- <application -->
55<!-- android:allowBackup="false" -->
56<!-- android:icon="@drawable/ic_launcher" -->
57<!-- android:label="@string/app_name" -->
58<!-- android:description="@string/app_desc" -->
59<!-- android:extractNativeLibs="true" -->
60<!-- android:theme="@style/AppTheme" > -->
61<!-- <meta-data android:name="plugin-api" android:value="${atakApiVersion}"/> -->
62<!-- <meta-data android:name="app_desc" android:value="@string/app_desc"/> -->
63<!-- &lt;!&ndash; This fictitious activity entry allows for ATAK 4.6.0.2 and newer to perform -->
64<!-- plugin discovery on Android devices.  If this is removed, the plugin will -->
65<!-- not be able to be discovered or loaded.  &ndash;&gt; -->
66<!-- <activity android:name="com.atakmap.app.component" -->
67<!-- android:exported="true" -->
68<!-- tools:ignore="MissingClass"> -->
69<!-- <intent-filter android:label="@string/app_name"> -->
70<!-- <action android:name="com.atakmap.app.component" /> -->
71<!-- </intent-filter> -->
72<!-- </activity> -->
73<!-- <activity android:name=".MainActivity" -->
74<!-- android:exported="true"> -->
75<!-- <intent-filter> -->
76<!-- <action android:name="android.intent.action.MAIN" /> -->
77<!-- <category android:name="android.intent.category.LAUNCHER" /> -->
78<!-- </intent-filter> -->
79<!-- </activity> -->
80<!-- </application> -->
81<!-- </manifest> -->